<?xml version="1.0" encoding="UTF-8"?>
<testsuite name="com.gildedrose.GildedRoseTest" tests="32" skipped="0" failures="0" errors="0" timestamp="2022-10-03T18:44:30" hostname="chkane-HeroBook-Pro" time="0.223">
  <properties/>
  <testcase name="testSulfurasQualityLessThan50SellInLessThan6()" classname="com.gildedrose.GildedRoseTest" time="0.039"/>
  <testcase name="testSulfurasConstantQuality()" classname="com.gildedrose.GildedRoseTest" time="0.002"/>
  <testcase name="Test that the final value of Quality is different at value actual" classname="com.gildedrose.GildedRoseTest" time="0.024"/>
  <testcase name="testAgedBrieQualityEqualsTo50()" classname="com.gildedrose.GildedRoseTest" time="0.004"/>
  <testcase name="testSellInNegativeQualityPositive()" classname="com.gildedrose.GildedRoseTest" time="0.001"/>
  <testcase name="testSellInPositiveQualityIsZero()" classname="com.gildedrose.GildedRoseTest" time="0.001"/>
  <testcase name="Test that the value of Quality is geatest 50" classname="com.gildedrose.GildedRoseTest" time="0.004"/>
  <testcase name="Test that the name is unchanged" classname="com.gildedrose.GildedRoseTest" time="0.002"/>
  <testcase name="testAgedBrieSellInLessThan11()" classname="com.gildedrose.GildedRoseTest" time="0.001"/>
  <testcase name="testBkgStageQualityNegativeSellInLessThan6()" classname="com.gildedrose.GildedRoseTest" time="0.003"/>
  <testcase name="testAgedBrieNegativeSellInQualityMoreThan50()" classname="com.gildedrose.GildedRoseTest" time="0.005"/>
  <testcase name="testBackStageQualityGreaterThan50SellInLessThan6()" classname="com.gildedrose.GildedRoseTest" time="0.004"/>
  <testcase name="testSellInAndQualityNegative()" classname="com.gildedrose.GildedRoseTest" time="0.002"/>
  <testcase name="testBackStageQualityGreaterThan50SellInLessThan11()" classname="com.gildedrose.GildedRoseTest" time="0.001"/>
  <testcase name="Test that the value Quality becomes negative" classname="com.gildedrose.GildedRoseTest" time="0.017"/>
  <testcase name="testAgedBrieQualityGreaterThan50SellInLessThan11()" classname="com.gildedrose.GildedRoseTest" time="0.0"/>
  <testcase name="testBackStageSellInLessThan6()" classname="com.gildedrose.GildedRoseTest" time="0.002"/>
  <testcase name="testAgedBrieSellInMoreThan11()" classname="com.gildedrose.GildedRoseTest" time="0.001"/>
  <testcase name="testQualityNonNegative()" classname="com.gildedrose.GildedRoseTest" time="0.001"/>
  <testcase name="testAgedBrieQualityGreaterThan50SellInLessThan6()" classname="com.gildedrose.GildedRoseTest" time="0.001"/>
  <testcase name="testQualityNoMoreThan50()" classname="com.gildedrose.GildedRoseTest" time="0.001"/>
  <testcase name="testSulfurasQualSellInNegative()" classname="com.gildedrose.GildedRoseTest" time="0.001"/>
  <testcase name="testSulfurasSellInNegQualPositive()" classname="com.gildedrose.GildedRoseTest" time="0.0"/>
  <testcase name="testDecSellInQuality()" classname="com.gildedrose.GildedRoseTest" time="0.001"/>
  <testcase name="testBckStageQualityMoreThan50()" classname="com.gildedrose.GildedRoseTest" time="0.003"/>
  <testcase name="testBackStageQualityEqualsTo50()" classname="com.gildedrose.GildedRoseTest" time="0.001"/>
  <testcase name="testBackStageSellInLessThan11()" classname="com.gildedrose.GildedRoseTest" time="0.001"/>
  <testcase name="testSulfurasConstantNegativeQuality()" classname="com.gildedrose.GildedRoseTest" time="0.001"/>
  <testcase name="testBckStageSellInNegativeQualityLessThan50()" classname="com.gildedrose.GildedRoseTest" time="0.001"/>
  <testcase name="testAgedBrieSellInLessThan6()" classname="com.gildedrose.GildedRoseTest" time="0.001"/>
  <testcase name="testAgedBrieNegativeSellInQualityLessThan50()" classname="com.gildedrose.GildedRoseTest" time="0.001"/>
  <testcase name="testBackStageSellInf11QualInf50()" classname="com.gildedrose.GildedRoseTest" time="0.0"/>
  <system-out><![CDATA[]]></system-out>
  <system-err><![CDATA[]]></system-err>
</testsuite>
