<?xml version="1.0" encoding="UTF-8"?>
<testsuite name="com.gildedrose.GildedRoseTest" tests="3" skipped="0" failures="0" errors="0" timestamp="2022-09-24T23:18:49" hostname="chkane-HeroBook-Pro" time="0.067">
  <properties/>
  <testcase name="Test that the final value of Quality is different at value actual" classname="com.gildedrose.GildedRoseTest" time="0.037"/>
  <testcase name="Test that the name is unchanged" classname="com.gildedrose.GildedRoseTest" time="0.016"/>
  <testcase name="Test that the value Quality becomes negative" classname="com.gildedrose.GildedRoseTest" time="0.005"/>
  <system-out><![CDATA[]]></system-out>
  <system-err><![CDATA[]]></system-err>
</testsuite>
